{"backgrid-filter.js":{"path":"backgrid-filter.js","s":{"1":1,"2":1,"3":0,"4":0,"5":0,"6":0,"7":0,"8":1,"9":1,"10":35,"11":35,"12":35,"13":35,"14":35,"15":35,"16":7,"17":13,"18":76,"19":76,"20":76,"21":29,"22":47,"23":202,"24":93,"25":8,"26":8,"27":8,"28":8,"29":8,"30":4,"31":8,"32":8,"33":6,"34":2,"35":3,"36":3,"37":3,"38":3,"39":3,"40":3,"41":2,"42":1,"43":34,"44":34,"45":34,"46":34,"47":1,"48":6,"49":6,"50":2,"51":2,"52":19,"53":19,"54":19,"55":19,"56":19,"57":19,"58":19,"59":2,"60":19,"61":2,"62":19,"63":0,"64":0,"65":19,"66":41,"67":41,"68":3,"69":19,"70":0,"71":19,"72":19,"73":38,"74":38,"75":38,"76":19,"77":13,"78":13,"79":13,"80":36,"81":36,"82":36,"83":19,"84":17,"85":13,"86":13,"87":13,"88":2,"89":13,"90":6,"91":6,"92":6,"93":6,"94":2,"95":6,"96":1,"97":10,"98":10,"99":10,"100":10,"101":10,"102":10,"103":10,"104":10,"105":34,"106":34,"107":12,"108":12,"109":12,"110":24,"111":24,"112":12,"113":24,"114":25,"115":25,"116":25,"117":0,"118":25,"119":1,"120":1,"121":1,"122":1,"123":1,"124":1,"125":1,"126":16,"127":16,"128":1,"129":1,"130":15,"131":15,"132":15,"133":15,"134":15,"135":15,"136":2,"137":15},"b":{"1":[0,1],"2":[35,33],"3":[35,33],"4":[35,34],"5":[7,28],"6":[35,35,11],"7":[13,9],"8":[29,47],"9":[8,0],"10":[4,4],"11":[6,2],"12":[8,8],"13":[3,0],"14":[2,1],"15":[3,3],"16":[19,0],"17":[19,19],"18":[19,15],"19":[0,0],"20":[41,0],"21":[3,38],"22":[41,3,3],"23":[0,19],"24":[36,0],"25":[19,17],"26":[2,11],"27":[2,4],"28":[10,10],"29":[10,10],"30":[34,10],"31":[12,22],"32":[0,25],"33":[1,0],"34":[1,0],"35":[1,1],"36":[1,15],"37":[2,13]},"f":{"1":1,"2":0,"3":1,"4":35,"5":13,"6":76,"7":202,"8":93,"9":8,"10":3,"11":34,"12":6,"13":2,"14":19,"15":2,"16":2,"17":0,"18":41,"19":19,"20":13,"21":13,"22":36,"23":13,"24":6,"25":10,"26":34,"27":12,"28":24,"29":24,"30":25,"31":1,"32":1,"33":16},"fnMap":{"1":{"name":"(anonymous_1)","line":8,"loc":{"start":{"line":8,"column":1},"end":{"line":8,"column":26}}},"2":{"name":"(anonymous_2)","line":12,"loc":{"start":{"line":12,"column":5},"end":{"line":12,"column":17}}},"3":{"name":"(anonymous_3)","line":26,"loc":{"start":{"line":26,"column":8},"end":{"line":26,"column":47}}},"4":{"name":"(anonymous_4)","line":70,"loc":{"start":{"line":70,"column":16},"end":{"line":70,"column":35}}},"5":{"name":"(anonymous_5)","line":81,"loc":{"start":{"line":81,"column":44},"end":{"line":81,"column":56}}},"6":{"name":"(anonymous_6)","line":91,"loc":{"start":{"line":91,"column":26},"end":{"line":91,"column":38}}},"7":{"name":"(anonymous_7)","line":101,"loc":{"start":{"line":101,"column":15},"end":{"line":101,"column":27}}},"8":{"name":"(anonymous_8)","line":108,"loc":{"start":{"line":108,"column":17},"end":{"line":108,"column":29}}},"9":{"name":"(anonymous_9)","line":120,"loc":{"start":{"line":120,"column":12},"end":{"line":120,"column":25}}},"10":{"name":"(anonymous_10)","line":144,"loc":{"start":{"line":144,"column":11},"end":{"line":144,"column":24}}},"11":{"name":"(anonymous_11)","line":163,"loc":{"start":{"line":163,"column":12},"end":{"line":163,"column":24}}},"12":{"name":"(anonymous_12)","line":188,"loc":{"start":{"line":188,"column":45},"end":{"line":188,"column":58}}},"13":{"name":"(anonymous_13)","line":193,"loc":{"start":{"line":193,"column":16},"end":{"line":193,"column":29}}},"14":{"name":"(anonymous_14)","line":223,"loc":{"start":{"line":223,"column":16},"end":{"line":223,"column":35}}},"15":{"name":"(anonymous_15)","line":234,"loc":{"start":{"line":234,"column":39},"end":{"line":234,"column":77}}},"16":{"name":"(anonymous_16)","line":237,"loc":{"start":{"line":237,"column":42},"end":{"line":237,"column":80}}},"17":{"name":"(anonymous_17)","line":240,"loc":{"start":{"line":240,"column":40},"end":{"line":240,"column":55}}},"18":{"name":"(anonymous_18)","line":243,"loc":{"start":{"line":243,"column":41},"end":{"line":243,"column":65}}},"19":{"name":"(anonymous_19)","line":251,"loc":{"start":{"line":251,"column":22},"end":{"line":251,"column":45}}},"20":{"name":"(anonymous_20)","line":276,"loc":{"start":{"line":276,"column":16},"end":{"line":276,"column":33}}},"21":{"name":"(anonymous_21)","line":304,"loc":{"start":{"line":304,"column":17},"end":{"line":304,"column":34}}},"22":{"name":"(anonymous_22)","line":306,"loc":{"start":{"line":306,"column":13},"end":{"line":306,"column":30}}},"23":{"name":"(anonymous_23)","line":323,"loc":{"start":{"line":323,"column":12},"end":{"line":323,"column":24}}},"24":{"name":"(anonymous_24)","line":336,"loc":{"start":{"line":336,"column":11},"end":{"line":336,"column":23}}},"25":{"name":"(anonymous_25)","line":382,"loc":{"start":{"line":382,"column":16},"end":{"line":382,"column":35}}},"26":{"name":"(anonymous_26)","line":404,"loc":{"start":{"line":404,"column":16},"end":{"line":404,"column":47}}},"27":{"name":"(anonymous_27)","line":409,"loc":{"start":{"line":409,"column":26},"end":{"line":409,"column":38}}},"28":{"name":"(anonymous_28)","line":410,"loc":{"start":{"line":410,"column":30},"end":{"line":410,"column":58}}},"29":{"name":"(anonymous_29)","line":416,"loc":{"start":{"line":416,"column":24},"end":{"line":416,"column":41}}},"30":{"name":"(anonymous_30)","line":427,"loc":{"start":{"line":427,"column":16},"end":{"line":427,"column":33}}},"31":{"name":"(anonymous_31)","line":439,"loc":{"start":{"line":439,"column":21},"end":{"line":439,"column":38}}},"32":{"name":"(anonymous_32)","line":450,"loc":{"start":{"line":450,"column":17},"end":{"line":450,"column":34}}},"33":{"name":"(anonymous_33)","line":467,"loc":{"start":{"line":467,"column":12},"end":{"line":467,"column":24}}}},"statementMap":{"1":{"start":{"line":8,"column":0},"end":{"line":487,"column":4}},"2":{"start":{"line":11,"column":2},"end":{"line":24,"column":3}},"3":{"start":{"line":12,"column":4},"end":{"line":19,"column":9}},"4":{"start":{"line":13,"column":6},"end":{"line":13,"column":15}},"5":{"start":{"line":14,"column":6},"end":{"line":14,"column":50}},"6":{"start":{"line":14,"column":12},"end":{"line":14,"column":35}},"7":{"start":{"line":15,"column":6},"end":{"line":18,"column":37}},"8":{"start":{"line":23,"column":4},"end":{"line":23,"column":61}},"9":{"start":{"line":36,"column":2},"end":{"line":174,"column":5}},"10":{"start":{"line":71,"column":6},"end":{"line":71,"column":67}},"11":{"start":{"line":72,"column":6},"end":{"line":72,"column":44}},"12":{"start":{"line":73,"column":6},"end":{"line":73,"column":65}},"13":{"start":{"line":74,"column":6},"end":{"line":74,"column":56}},"14":{"start":{"line":77,"column":6},"end":{"line":77,"column":52}},"15":{"start":{"line":78,"column":6},"end":{"line":84,"column":7}},"16":{"start":{"line":81,"column":8},"end":{"line":83,"column":10}},"17":{"start":{"line":82,"column":10},"end":{"line":82,"column":48}},"18":{"start":{"line":92,"column":6},"end":{"line":92,"column":44}},"19":{"start":{"line":93,"column":6},"end":{"line":93,"column":47}},"20":{"start":{"line":94,"column":6},"end":{"line":95,"column":31}},"21":{"start":{"line":94,"column":23},"end":{"line":94,"column":43}},"22":{"start":{"line":95,"column":11},"end":{"line":95,"column":31}},"23":{"start":{"line":102,"column":6},"end":{"line":102,"column":49}},"24":{"start":{"line":109,"column":6},"end":{"line":109,"column":60}},"25":{"start":{"line":121,"column":6},"end":{"line":121,"column":32}},"26":{"start":{"line":121,"column":13},"end":{"line":121,"column":32}},"27":{"start":{"line":123,"column":6},"end":{"line":123,"column":20}},"28":{"start":{"line":124,"column":6},"end":{"line":124,"column":41}},"29":{"start":{"line":125,"column":6},"end":{"line":125,"column":41}},"30":{"start":{"line":125,"column":17},"end":{"line":125,"column":41}},"31":{"start":{"line":127,"column":6},"end":{"line":127,"column":39}},"32":{"start":{"line":130,"column":6},"end":{"line":134,"column":55}},"33":{"start":{"line":132,"column":8},"end":{"line":132,"column":72}},"34":{"start":{"line":134,"column":11},"end":{"line":134,"column":55}},"35":{"start":{"line":145,"column":6},"end":{"line":145,"column":32}},"36":{"start":{"line":145,"column":13},"end":{"line":145,"column":32}},"37":{"start":{"line":146,"column":6},"end":{"line":146,"column":33}},"38":{"start":{"line":147,"column":6},"end":{"line":147,"column":34}},"39":{"start":{"line":149,"column":6},"end":{"line":149,"column":39}},"40":{"start":{"line":152,"column":6},"end":{"line":156,"column":43}},"41":{"start":{"line":154,"column":8},"end":{"line":154,"column":60}},"42":{"start":{"line":156,"column":11},"end":{"line":156,"column":43}},"43":{"start":{"line":164,"column":6},"end":{"line":168,"column":10}},"44":{"start":{"line":169,"column":6},"end":{"line":169,"column":34}},"45":{"start":{"line":170,"column":6},"end":{"line":170,"column":28}},"46":{"start":{"line":171,"column":6},"end":{"line":171,"column":18}},"47":{"start":{"line":184,"column":2},"end":{"line":344,"column":5}},"48":{"start":{"line":189,"column":8},"end":{"line":189,"column":27}},"49":{"start":{"line":190,"column":8},"end":{"line":190,"column":21}},"50":{"start":{"line":194,"column":8},"end":{"line":194,"column":27}},"51":{"start":{"line":195,"column":8},"end":{"line":195,"column":22}},"52":{"start":{"line":224,"column":6},"end":{"line":224,"column":67}},"53":{"start":{"line":226,"column":6},"end":{"line":226,"column":50}},"54":{"start":{"line":227,"column":6},"end":{"line":227,"column":44}},"55":{"start":{"line":229,"column":6},"end":{"line":229,"column":49}},"56":{"start":{"line":231,"column":6},"end":{"line":231,"column":91}},"57":{"start":{"line":232,"column":6},"end":{"line":232,"column":72}},"58":{"start":{"line":234,"column":6},"end":{"line":236,"column":9}},"59":{"start":{"line":235,"column":8},"end":{"line":235,"column":45}},"60":{"start":{"line":237,"column":6},"end":{"line":239,"column":9}},"61":{"start":{"line":238,"column":8},"end":{"line":238,"column":48}},"62":{"start":{"line":240,"column":6},"end":{"line":242,"column":9}},"63":{"start":{"line":241,"column":8},"end":{"line":241,"column":72}},"64":{"start":{"line":241,"column":37},"end":{"line":241,"column":72}},"65":{"start":{"line":243,"column":6},"end":{"line":248,"column":9}},"66":{"start":{"line":244,"column":8},"end":{"line":244,"column":59}},"67":{"start":{"line":245,"column":8},"end":{"line":247,"column":9}},"68":{"start":{"line":246,"column":10},"end":{"line":246,"column":45}},"69":{"start":{"line":252,"column":6},"end":{"line":252,"column":63}},"70":{"start":{"line":252,"column":35},"end":{"line":252,"column":63}},"71":{"start":{"line":254,"column":6},"end":{"line":254,"column":30}},"72":{"start":{"line":256,"column":6},"end":{"line":260,"column":7}},"73":{"start":{"line":257,"column":8},"end":{"line":257,"column":40}},"74":{"start":{"line":258,"column":8},"end":{"line":258,"column":38}},"75":{"start":{"line":259,"column":8},"end":{"line":259,"column":57}},"76":{"start":{"line":262,"column":6},"end":{"line":262,"column":28}},"77":{"start":{"line":277,"column":6},"end":{"line":277,"column":66}},"78":{"start":{"line":305,"column":6},"end":{"line":305,"column":42}},"79":{"start":{"line":306,"column":6},"end":{"line":312,"column":8}},"80":{"start":{"line":307,"column":8},"end":{"line":307,"column":47}},"81":{"start":{"line":308,"column":8},"end":{"line":310,"column":9}},"82":{"start":{"line":309,"column":10},"end":{"line":309,"column":64}},"83":{"start":{"line":309,"column":52},"end":{"line":309,"column":64}},"84":{"start":{"line":311,"column":8},"end":{"line":311,"column":21}},"85":{"start":{"line":324,"column":6},"end":{"line":324,"column":75}},"86":{"start":{"line":325,"column":6},"end":{"line":325,"column":32}},"87":{"start":{"line":326,"column":6},"end":{"line":326,"column":86}},"88":{"start":{"line":326,"column":34},"end":{"line":326,"column":86}},"89":{"start":{"line":327,"column":6},"end":{"line":327,"column":73}},"90":{"start":{"line":337,"column":6},"end":{"line":337,"column":33}},"91":{"start":{"line":338,"column":6},"end":{"line":338,"column":34}},"92":{"start":{"line":339,"column":6},"end":{"line":339,"column":32}},"93":{"start":{"line":340,"column":6},"end":{"line":340,"column":86}},"94":{"start":{"line":340,"column":34},"end":{"line":340,"column":86}},"95":{"start":{"line":341,"column":6},"end":{"line":341,"column":64}},"96":{"start":{"line":354,"column":2},"end":{"line":485,"column":5}},"97":{"start":{"line":383,"column":6},"end":{"line":383,"column":61}},"98":{"start":{"line":385,"column":6},"end":{"line":385,"column":41}},"99":{"start":{"line":387,"column":6},"end":{"line":387,"column":91}},"100":{"start":{"line":388,"column":6},"end":{"line":388,"column":56}},"101":{"start":{"line":389,"column":6},"end":{"line":389,"column":64}},"102":{"start":{"line":390,"column":6},"end":{"line":390,"column":58}},"103":{"start":{"line":391,"column":6},"end":{"line":391,"column":60}},"104":{"start":{"line":393,"column":6},"end":{"line":393,"column":34}},"105":{"start":{"line":405,"column":6},"end":{"line":405,"column":57}},"106":{"start":{"line":407,"column":6},"end":{"line":419,"column":7}},"107":{"start":{"line":408,"column":8},"end":{"line":408,"column":24}},"108":{"start":{"line":409,"column":8},"end":{"line":414,"column":11}},"109":{"start":{"line":410,"column":10},"end":{"line":413,"column":19}},"110":{"start":{"line":411,"column":12},"end":{"line":411,"column":41}},"111":{"start":{"line":412,"column":12},"end":{"line":412,"column":31}},"112":{"start":{"line":416,"column":8},"end":{"line":418,"column":17}},"113":{"start":{"line":417,"column":10},"end":{"line":417,"column":33}},"114":{"start":{"line":428,"column":6},"end":{"line":428,"column":29}},"115":{"start":{"line":429,"column":6},"end":{"line":429,"column":31}},"116":{"start":{"line":430,"column":6},"end":{"line":431,"column":26}},"117":{"start":{"line":430,"column":50},"end":{"line":430,"column":68}},"118":{"start":{"line":431,"column":11},"end":{"line":431,"column":26}},"119":{"start":{"line":440,"column":6},"end":{"line":440,"column":29}},"120":{"start":{"line":441,"column":6},"end":{"line":441,"column":31}},"121":{"start":{"line":442,"column":6},"end":{"line":442,"column":68}},"122":{"start":{"line":442,"column":50},"end":{"line":442,"column":68}},"123":{"start":{"line":451,"column":6},"end":{"line":451,"column":46}},"124":{"start":{"line":452,"column":6},"end":{"line":455,"column":7}},"125":{"start":{"line":454,"column":8},"end":{"line":454,"column":42}},"126":{"start":{"line":468,"column":6},"end":{"line":468,"column":32}},"127":{"start":{"line":469,"column":6},"end":{"line":472,"column":7}},"128":{"start":{"line":470,"column":8},"end":{"line":470,"column":66}},"129":{"start":{"line":471,"column":8},"end":{"line":471,"column":15}},"130":{"start":{"line":474,"column":6},"end":{"line":474,"column":68}},"131":{"start":{"line":475,"column":6},"end":{"line":475,"column":22}},"132":{"start":{"line":476,"column":6},"end":{"line":479,"column":7}},"133":{"start":{"line":477,"column":8},"end":{"line":477,"column":38}},"134":{"start":{"line":478,"column":8},"end":{"line":478,"column":59}},"135":{"start":{"line":481,"column":6},"end":{"line":481,"column":86}},"136":{"start":{"line":481,"column":34},"end":{"line":481,"column":86}},"137":{"start":{"line":482,"column":6},"end":{"line":482,"column":42}}},"branchMap":{"1":{"line":11,"type":"if","locations":[{"start":{"line":11,"column":2},"end":{"line":11,"column":2}},{"start":{"line":11,"column":2},"end":{"line":11,"column":2}}]},"2":{"line":72,"type":"binary-expr","locations":[{"start":{"line":72,"column":18},"end":{"line":72,"column":30}},{"start":{"line":72,"column":34},"end":{"line":72,"column":43}}]},"3":{"line":73,"type":"binary-expr","locations":[{"start":{"line":73,"column":25},"end":{"line":73,"column":44}},{"start":{"line":73,"column":48},"end":{"line":73,"column":64}}]},"4":{"line":74,"type":"binary-expr","locations":[{"start":{"line":74,"column":22},"end":{"line":74,"column":38}},{"start":{"line":74,"column":42},"end":{"line":74,"column":55}}]},"5":{"line":78,"type":"if","locations":[{"start":{"line":78,"column":6},"end":{"line":78,"column":6}},{"start":{"line":78,"column":6},"end":{"line":78,"column":6}}]},"6":{"line":78,"type":"binary-expr","locations":[{"start":{"line":78,"column":10},"end":{"line":78,"column":37}},{"start":{"line":79,"column":10},"end":{"line":79,"column":59}},{"start":{"line":80,"column":10},"end":{"line":80,"column":37}}]},"7":{"line":82,"type":"binary-expr","locations":[{"start":{"line":82,"column":17},"end":{"line":82,"column":39}},{"start":{"line":82,"column":43},"end":{"line":82,"column":47}}]},"8":{"line":94,"type":"if","locations":[{"start":{"line":94,"column":6},"end":{"line":94,"column":6}},{"start":{"line":94,"column":6},"end":{"line":94,"column":6}}]},"9":{"line":121,"type":"if","locations":[{"start":{"line":121,"column":6},"end":{"line":121,"column":6}},{"start":{"line":121,"column":6},"end":{"line":121,"column":6}}]},"10":{"line":125,"type":"if","locations":[{"start":{"line":125,"column":6},"end":{"line":125,"column":6}},{"start":{"line":125,"column":6},"end":{"line":125,"column":6}}]},"11":{"line":130,"type":"if","locations":[{"start":{"line":130,"column":6},"end":{"line":130,"column":6}},{"start":{"line":130,"column":6},"end":{"line":130,"column":6}}]},"12":{"line":130,"type":"binary-expr","locations":[{"start":{"line":130,"column":10},"end":{"line":130,"column":37}},{"start":{"line":131,"column":10},"end":{"line":131,"column":59}}]},"13":{"line":145,"type":"if","locations":[{"start":{"line":145,"column":6},"end":{"line":145,"column":6}},{"start":{"line":145,"column":6},"end":{"line":145,"column":6}}]},"14":{"line":152,"type":"if","locations":[{"start":{"line":152,"column":6},"end":{"line":152,"column":6}},{"start":{"line":152,"column":6},"end":{"line":152,"column":6}}]},"15":{"line":152,"type":"binary-expr","locations":[{"start":{"line":152,"column":10},"end":{"line":152,"column":37}},{"start":{"line":153,"column":10},"end":{"line":153,"column":59}}]},"16":{"line":226,"type":"binary-expr","locations":[{"start":{"line":226,"column":20},"end":{"line":226,"column":34}},{"start":{"line":226,"column":38},"end":{"line":226,"column":49}}]},"17":{"line":227,"type":"binary-expr","locations":[{"start":{"line":227,"column":18},"end":{"line":227,"column":30}},{"start":{"line":227,"column":34},"end":{"line":227,"column":43}}]},"18":{"line":231,"type":"binary-expr","locations":[{"start":{"line":231,"column":41},"end":{"line":231,"column":71}},{"start":{"line":231,"column":75},"end":{"line":231,"column":90}}]},"19":{"line":241,"type":"if","locations":[{"start":{"line":241,"column":8},"end":{"line":241,"column":8}},{"start":{"line":241,"column":8},"end":{"line":241,"column":8}}]},"20":{"line":244,"type":"binary-expr","locations":[{"start":{"line":244,"column":44},"end":{"line":244,"column":51}},{"start":{"line":244,"column":55},"end":{"line":244,"column":57}}]},"21":{"line":245,"type":"if","locations":[{"start":{"line":245,"column":8},"end":{"line":245,"column":8}},{"start":{"line":245,"column":8},"end":{"line":245,"column":8}}]},"22":{"line":245,"type":"binary-expr","locations":[{"start":{"line":245,"column":12},"end":{"line":245,"column":27}},{"start":{"line":245,"column":31},"end":{"line":245,"column":51}},{"start":{"line":245,"column":55},"end":{"line":245,"column":73}}]},"23":{"line":252,"type":"if","locations":[{"start":{"line":252,"column":6},"end":{"line":252,"column":6}},{"start":{"line":252,"column":6},"end":{"line":252,"column":6}}]},"24":{"line":307,"type":"binary-expr","locations":[{"start":{"line":307,"column":19},"end":{"line":307,"column":30}},{"start":{"line":307,"column":34},"end":{"line":307,"column":46}}]},"25":{"line":309,"type":"if","locations":[{"start":{"line":309,"column":10},"end":{"line":309,"column":10}},{"start":{"line":309,"column":10},"end":{"line":309,"column":10}}]},"26":{"line":326,"type":"if","locations":[{"start":{"line":326,"column":6},"end":{"line":326,"column":6}},{"start":{"line":326,"column":6},"end":{"line":326,"column":6}}]},"27":{"line":340,"type":"if","locations":[{"start":{"line":340,"column":6},"end":{"line":340,"column":6}},{"start":{"line":340,"column":6},"end":{"line":340,"column":6}}]},"28":{"line":385,"type":"binary-expr","locations":[{"start":{"line":385,"column":17},"end":{"line":385,"column":28}},{"start":{"line":385,"column":32},"end":{"line":385,"column":40}}]},"29":{"line":387,"type":"binary-expr","locations":[{"start":{"line":387,"column":41},"end":{"line":387,"column":71}},{"start":{"line":387,"column":75},"end":{"line":387,"column":90}}]},"30":{"line":405,"type":"binary-expr","locations":[{"start":{"line":405,"column":42},"end":{"line":405,"column":49}},{"start":{"line":405,"column":53},"end":{"line":405,"column":55}}]},"31":{"line":407,"type":"if","locations":[{"start":{"line":407,"column":6},"end":{"line":407,"column":6}},{"start":{"line":407,"column":6},"end":{"line":407,"column":6}}]},"32":{"line":430,"type":"if","locations":[{"start":{"line":430,"column":6},"end":{"line":430,"column":6}},{"start":{"line":430,"column":6},"end":{"line":430,"column":6}}]},"33":{"line":442,"type":"if","locations":[{"start":{"line":442,"column":6},"end":{"line":442,"column":6}},{"start":{"line":442,"column":6},"end":{"line":442,"column":6}}]},"34":{"line":452,"type":"if","locations":[{"start":{"line":452,"column":6},"end":{"line":452,"column":6}},{"start":{"line":452,"column":6},"end":{"line":452,"column":6}}]},"35":{"line":452,"type":"binary-expr","locations":[{"start":{"line":452,"column":10},"end":{"line":452,"column":17}},{"start":{"line":452,"column":21},"end":{"line":453,"column":64}}]},"36":{"line":469,"type":"if","locations":[{"start":{"line":469,"column":6},"end":{"line":469,"column":6}},{"start":{"line":469,"column":6},"end":{"line":469,"column":6}}]},"37":{"line":481,"type":"if","locations":[{"start":{"line":481,"column":6},"end":{"line":481,"column":6}},{"start":{"line":481,"column":6},"end":{"line":481,"column":6}}]}}}}